<?xml version="1.0" encoding="UTF-8"?>
<!-- Generated by org.testng.reporters.JUnitReportReporter -->
<testsuite hostname="Sauravs-Air" failures="0" tests="6" name="api.test.DDTests" time="1.651" errors="0" timestamp="2024-05-21T01:18:53 EDT" skipped="0">
  <testcase classname="api.test.DDTests" name="createUserDD" time="0.216"/>
  <system-out/>
  <testcase classname="api.test.DDTests" name="createUserDD" time="0.171"/>
  <system-out/>
  <testcase classname="api.test.DDTests" name="createUserDD" time="0.181"/>
  <system-out/>
  <testcase classname="api.test.DDTests" name="deleteUserByName" time="0.144"/>
  <system-out/>
  <testcase classname="api.test.DDTests" name="deleteUserByName" time="0.172"/>
  <system-out/>
  <testcase classname="api.test.DDTests" name="deleteUserByName" time="0.767"/>
  <system-out/>
</testsuite> <!-- api.test.DDTests -->
