<?xml version="1.0" encoding="UTF-8"?>
<!-- Generated by org.testng.reporters.JUnitReportReporter -->
<testsuite hostname="Sauravs-Air" failures="0" tests="4" name="api.test.TC01_Users" time="4.513" errors="0" timestamp="2024-05-21T01:18:53 EDT" skipped="0">
  <testcase classname="api.test.TC01_Users" name="createUser" time="3.613"/>
  <system-out/>
  <testcase classname="api.test.TC01_Users" name="getUser" time="0.294"/>
  <system-out/>
  <testcase classname="api.test.TC01_Users" name="updateUser" time="0.365"/>
  <system-out/>
  <testcase classname="api.test.TC01_Users" name="deleteUser" time="0.241"/>
  <system-out/>
</testsuite> <!-- api.test.TC01_Users -->
