<?xml version="1.0" encoding="UTF-8"?>
<!-- Generated by org.testng.reporters.JUnitReportReporter -->
<testsuite hostname="Sauravs-Air" failures="0" tests="1" name="api.test.TC01_User_CreateUser" time="3.040" errors="0" timestamp="2024-05-13T18:53:48 EDT" skipped="0">
  <testcase classname="api.test.TC01_User_CreateUser" name="createUser" time="3.040"/>
  <system-out/>
</testsuite> <!-- api.test.TC01_User_CreateUser -->
