<?xml version="1.0" encoding="UTF-8"?>
<!-- Generated by org.testng.reporters.JUnitReportReporter -->
<testsuite hostname="Sauravs-Air" failures="0" tests="2" name="api.test.NewTestDD" time="0.000" errors="0" timestamp="2024-05-21T00:52:26 EDT" skipped="2">
  <testcase classname="api.test.NewTestDD" name="testPostuser" time="0.000">
    <skipped/>
  </testcase> <!-- testPostuser -->
  <system-out/>
  <testcase classname="api.test.NewTestDD" name="testDeleteUserByName" time="0.000">
    <skipped/>
  </testcase> <!-- testDeleteUserByName -->
  <system-out/>
</testsuite> <!-- api.test.NewTestDD -->
