<?xml version="1.0" encoding="UTF-8"?>
<!-- Generated by org.testng.reporters.JUnitReportReporter -->
<testsuite hostname="Sauravs-Air" failures="0" tests="6" name="api.test.DDTests" time="1.030" errors="0" timestamp="2024-05-21T01:21:25 EDT" skipped="0">
  <testcase classname="api.test.DDTests" name="createUserDD" time="0.162"/>
  <testcase classname="api.test.DDTests" name="createUserDD" time="0.196"/>
  <testcase classname="api.test.DDTests" name="createUserDD" time="0.162"/>
  <testcase classname="api.test.DDTests" name="deleteUserByName" time="0.162"/>
  <testcase classname="api.test.DDTests" name="deleteUserByName" time="0.195"/>
  <testcase classname="api.test.DDTests" name="deleteUserByName" time="0.153"/>
</testsuite> <!-- api.test.DDTests -->
