<?xml version="1.0" encoding="UTF-8"?>
<!-- Generated by org.testng.reporters.JUnitReportReporter -->
<testsuite hostname="Sauravs-Air" failures="0" tests="4" name="api.test.TC01_Users" time="3.857" errors="0" timestamp="2024-05-21T01:21:25 EDT" skipped="0">
  <testcase classname="api.test.TC01_Users" name="createUser" time="2.994"/>
  <testcase classname="api.test.TC01_Users" name="getUser" time="0.328"/>
  <testcase classname="api.test.TC01_Users" name="updateUser" time="0.367"/>
  <testcase classname="api.test.TC01_Users" name="deleteUser" time="0.168"/>
</testsuite> <!-- api.test.TC01_Users -->
